=/pretest.json
{
  _: [],
  f: [
    '/home/runner/work/exp-characteristics-of-the-drying-of-solids-under-vacuum-iitb/exp-characteristics-of-the-drying-of-solids-under-vacuum-iitb/experiment/pretest.json'
  ],
  files: [
    '/home/runner/work/exp-characteristics-of-the-drying-of-solids-under-vacuum-iitb/exp-characteristics-of-the-drying-of-solids-under-vacuum-iitb/experiment/pretest.json'
  ],
  c: 'assessment',
  contentTypes: 'assessment',
  'content-types': 'assessment',
  '$0': 'validate'
}
Validated true
=/posttest.json
{
  _: [],
  f: [
    '/home/runner/work/exp-characteristics-of-the-drying-of-solids-under-vacuum-iitb/exp-characteristics-of-the-drying-of-solids-under-vacuum-iitb/experiment/posttest.json'
  ],
  files: [
    '/home/runner/work/exp-characteristics-of-the-drying-of-solids-under-vacuum-iitb/exp-characteristics-of-the-drying-of-solids-under-vacuum-iitb/experiment/posttest.json'
  ],
  c: 'assessment',
  contentTypes: 'assessment',
  'content-types': 'assessment',
  '$0': 'validate'
}
Validated true
